<?xml version="1.0" encoding="UTF-8"?>
<!-- Generated by org.testng.reporters.JUnitReportReporter -->
<testsuite hostname="DESKTOP-C3NQIVL" failures="0" tests="4" name="api.test.UserTest" time="48.962" errors="0" timestamp="2023-04-10T13:36:36 IST" skipped="0">
  <testcase classname="api.test.UserTest" name="testPostUser" time="18.217"/>
  <system-out/>
  <testcase classname="api.test.UserTest" name="testGetUserByName" time="3.086"/>
  <system-out/>
  <testcase classname="api.test.UserTest" name="testUpdateUserByName" time="20.221"/>
  <system-out/>
  <testcase classname="api.test.UserTest" name="testDeleteUserByName" time="7.438"/>
  <system-out/>
</testsuite> <!-- api.test.UserTest -->
