<?xml version="1.0" encoding="UTF-8"?>
<!-- Generated by org.testng.reporters.JUnitReportReporter -->
<testsuite hostname="DESKTOP-C3NQIVL" failures="0" tests="6" name="api.test.DataDrivenTest" time="33.884" errors="0" timestamp="2023-04-09T14:32:08 IST" skipped="0">
  <testcase classname="api.test.DataDrivenTest" name="testPostUser" time="2.439"/>
  <system-out/>
  <testcase classname="api.test.DataDrivenTest" name="testPostUser" time="17.172"/>
  <system-out/>
  <testcase classname="api.test.DataDrivenTest" name="testPostUser" time="2.589"/>
  <system-out/>
  <testcase classname="api.test.DataDrivenTest" name="testDelUserByName" time="6.603"/>
  <system-out/>
  <testcase classname="api.test.DataDrivenTest" name="testDelUserByName" time="2.430"/>
  <system-out/>
  <testcase classname="api.test.DataDrivenTest" name="testDelUserByName" time="2.651"/>
  <system-out/>
</testsuite> <!-- api.test.DataDrivenTest -->
