<?xml version="1.0" encoding="UTF-8"?>
<!-- Generated by org.testng.reporters.JUnitReportReporter -->
<testsuite hostname="DESKTOP-C3NQIVL" failures="0" tests="4" name="api.test.UserTest2" time="85.648" errors="0" timestamp="2023-04-10T13:41:55 IST" skipped="0">
  <testcase classname="api.test.UserTest2" name="testPostUser" time="23.907"/>
  <system-out/>
  <testcase classname="api.test.UserTest2" name="testGetUserByName" time="19.670"/>
  <system-out/>
  <testcase classname="api.test.UserTest2" name="testUpdateUserByName" time="25.625"/>
  <system-out/>
  <testcase classname="api.test.UserTest2" name="testDeleteUserByName" time="16.446"/>
  <system-out/>
</testsuite> <!-- api.test.UserTest2 -->
