<?xml version="1.0" encoding="UTF-8"?>
<!-- Generated by org.testng.reporters.JUnitReportReporter -->
<testsuite hostname="DESKTOP-C3NQIVL" failures="0" tests="6" name="api.test.DataDrivenTest" time="70.942" errors="0" timestamp="2023-04-10T17:20:01 IST" skipped="0">
  <testcase classname="api.test.DataDrivenTest" name="testPostUser" time="14.525"/>
  <system-out/>
  <testcase classname="api.test.DataDrivenTest" name="testPostUser" time="4.390"/>
  <system-out/>
  <testcase classname="api.test.DataDrivenTest" name="testPostUser" time="3.136"/>
  <system-out/>
  <testcase classname="api.test.DataDrivenTest" name="testDelUserByName" time="28.948"/>
  <system-out/>
  <testcase classname="api.test.DataDrivenTest" name="testDelUserByName" time="16.684"/>
  <system-out/>
  <testcase classname="api.test.DataDrivenTest" name="testDelUserByName" time="3.259"/>
  <system-out/>
</testsuite> <!-- api.test.DataDrivenTest -->
