<?xml version="1.0" encoding="UTF-8"?>
<!-- Generated by org.testng.reporters.JUnitReportReporter -->
<testsuite hostname="DESKTOP-C3NQIVL" failures="0" tests="4" name="api.test.UserTest" time="100.443" errors="0" timestamp="2023-04-10T17:20:01 IST" skipped="0">
  <testcase classname="api.test.UserTest" name="testPostUser" time="13.444"/>
  <system-out/>
  <testcase classname="api.test.UserTest" name="testGetUserByName" time="25.288"/>
  <system-out/>
  <testcase classname="api.test.UserTest" name="testUpdateUserByName" time="58.920"/>
  <system-out/>
  <testcase classname="api.test.UserTest" name="testDeleteUserByName" time="2.791"/>
  <system-out/>
</testsuite> <!-- api.test.UserTest -->
